<?xml version="1.0" encoding="UTF-8"?>
<!-- Generated by org.testng.reporters.JUnitReportReporter -->
<testsuite hostname="SAE-NT1156" name="digital.sae.stage.simulado.DeleteUserFlow" tests="1" failures="0" timestamp="1 Jun 2018 12:20:35 GMT" time="16.437" errors="0">
  <testcase name="deleteUserFlow" time="16.437" classname="digital.sae.stage.simulado.DeleteUserFlow"/>
</testsuite> <!-- digital.sae.stage.simulado.DeleteUserFlow -->
