<?xml version="1.0" encoding="UTF-8"?>
<!-- Generated by org.testng.reporters.JUnitReportReporter -->
<testsuite hostname="SAE-NT1156" name="digital.sae.stage.simulado.DeleteSchoolFlow" tests="1" failures="0" timestamp="19 Apr 2018 19:14:00 GMT" time="12.111" errors="0">
  <testcase name="deleteSchoolFlow" time="12.111" classname="digital.sae.stage.simulado.DeleteSchoolFlow"/>
</testsuite> <!-- digital.sae.stage.simulado.DeleteSchoolFlow -->
