<?xml version="1.0" encoding="UTF-8"?>
<!-- Generated by org.testng.reporters.JUnitReportReporter -->
<testsuite hostname="SAE-NT1156" name="digital.sae.stage.simulado.Exam" tests="1" failures="0" timestamp="19 Apr 2018 19:14:00 GMT" time="119.097" errors="0">
  <testcase name="exam" time="119.097" classname="digital.sae.stage.simulado.Exam"/>
</testsuite> <!-- digital.sae.stage.simulado.Exam -->
